2024-04-10 14:10:32 - INFO - JobID is job_id102
2024-04-10 14:10:32 - INFO - Got request {'question': 'Percent of adults aged 18 years and older who have an overweight classification'}
2024-04-10 14:10:32 - INFO - JobID is job_id103
2024-04-10 14:10:32 - INFO - JobID is job_id103
2024-04-10 14:10:32 - INFO - Got request {'question': 'Percent of adults who engage in muscle-strengthening activities on 2 or more days a week'}
2024-04-10 14:10:32 - INFO - JobID is job_id104
2024-04-10 14:10:32 - INFO - JobID is job_id104
2024-04-10 14:10:32 - INFO - Got request {'question': 'Percent of adults who engage in no leisure-time physical activity'}
2024-04-10 14:10:32 - INFO - JobID is job_id105
2024-04-10 14:10:32 - INFO - JobID is job_id105
2024-04-10 14:10:32 - INFO - Got request {'question': 'Percent of adults who achieve at least 150 minutes a week of moderate-intensity aerobic physical activity or 75 minutes a week of vigorous-intensity aerobic physical activity and engage in muscle-strengthening activities on 2 or more days a week'}
2024-04-10 14:10:32 - INFO - JobID is job_id106
2024-04-10 14:10:32 - INFO - JobID is job_id106
2024-04-10 14:10:32 - INFO - Got request {'question': 'Percent of adults who report consuming fruit less than one time daily'}
2024-04-10 14:10:32 - INFO - JobID is job_id107
2024-04-10 14:10:33 - INFO - JobID is job_id107
2024-04-10 14:10:33 - INFO - Got request {'question': 'Percent of adults who report consuming vegetables less than one time daily'}
2024-04-10 14:10:33 - INFO - JobID is job_id108
2024-04-10 14:10:33 - INFO - JobID is job_id108
2024-04-10 14:10:33 - INFO - Got request {'question': 'Percent of adults who achieve at least 300 minutes a week of moderate-intensity aerobic physical activity or 150 minutes a week of vigorous-intensity aerobic activity (or an equivalent combination)'}
2024-04-10 14:10:33 - INFO - JobID is job_id109
2024-04-10 14:10:33 - INFO - JobID is job_id109
2024-04-10 14:10:33 - INFO - Got request {'question': 'Percent of adults aged 18 years and older who have obesity'}
2024-04-10 14:10:33 - INFO - JobID is job_id110
2024-04-10 14:10:33 - INFO - JobID is job_id110
2024-04-10 14:10:33 - INFO - Got request {'question': 'Percent of adults who achieve at least 150 minutes a week of moderate-intensity aerobic physical activity or 75 minutes a week of vigorous-intensity aerobic activity (or an equivalent combination)'}
2024-04-10 14:10:33 - INFO - JobID is job_id111
2024-04-10 14:10:34 - INFO - JobID is job_id111
2024-04-10 14:10:34 - INFO - Got request {'question': 'Percent of adults aged 18 years and older who have an overweight classification'}
2024-04-10 14:10:34 - INFO - JobID is job_id112
2024-04-10 14:10:34 - INFO - JobID is job_id112
2024-04-10 14:10:34 - INFO - Got request {'question': 'Percent of adults who engage in muscle-strengthening activities on 2 or more days a week'}
2024-04-10 14:10:34 - INFO - JobID is job_id113
2024-04-10 14:10:34 - INFO - JobID is job_id113
2024-04-10 14:10:34 - INFO - Got request {'question': 'Percent of adults who engage in no leisure-time physical activity'}
2024-04-10 14:10:34 - INFO - JobID is job_id114
2024-04-10 14:10:34 - INFO - JobID is job_id114
2024-04-10 18:01:42 - INFO - Got request {'question': 'Percent of adults who report consuming vegetables less than one time daily', 'state': 'Texas'}
2024-04-10 18:01:47 - INFO - JobID is job_id1
2024-05-21 21:08:30 - INFO - JobID is job_id1
2024-05-21 21:08:42 - INFO - Got request {'question': 'Percent of adults who report consuming vegetables less than one time daily', 'state': 'Texas'}
2024-05-21 21:08:44 - INFO - JobID is job_id1
2024-05-21 21:09:04 - INFO - Got request {'question': 'Percent of adults who report consuming vegetables less than one time daily', 'state': 'Texas'}
2024-05-21 21:09:06 - INFO - JobID is job_id1
2024-05-21 21:09:11 - INFO - JobID is job_id2
